c:\users\ian\source\repos\lolingham4645\game1.1\game1.1\game1.1\debug\vc141.pdb
c:\users\ian\source\repos\lolingham4645\game1.1\game1.1\game1.1\debug\vc141.idb
c:\users\ian\source\repos\lolingham4645\game1.1\game1.1\game1.1\debug\testbutton.obj
c:\users\ian\source\repos\lolingham4645\game1.1\game1.1\game1.1\debug\soldier.obj
c:\users\ian\source\repos\lolingham4645\game1.1\game1.1\game1.1\debug\shape.obj
c:\users\ian\source\repos\lolingham4645\game1.1\game1.1\game1.1\debug\shader.obj
c:\users\ian\source\repos\lolingham4645\game1.1\game1.1\game1.1\debug\scenehandler.obj
c:\users\ian\source\repos\lolingham4645\game1.1\game1.1\game1.1\debug\scene.obj
c:\users\ian\source\repos\lolingham4645\game1.1\game1.1\game1.1\debug\mainscene.obj
c:\users\ian\source\repos\lolingham4645\game1.1\game1.1\game1.1\debug\main.obj
c:\users\ian\source\repos\lolingham4645\game1.1\game1.1\game1.1\debug\input.obj
c:\users\ian\source\repos\lolingham4645\game1.1\game1.1\game1.1\debug\imagetester.obj
c:\users\ian\source\repos\lolingham4645\game1.1\game1.1\game1.1\debug\game.obj
c:\users\ian\source\repos\lolingham4645\game1.1\game1.1\game1.1\debug\debugger.obj
c:\users\ian\source\repos\lolingham4645\game1.1\game1.1\game1.1\debug\chunkrenderhandler.obj
c:\users\ian\source\repos\lolingham4645\game1.1\game1.1\game1.1\debug\chunkrenderer.obj
c:\users\ian\source\repos\lolingham4645\game1.1\game1.1\game1.1\debug\chunkhandler.obj
c:\users\ian\source\repos\lolingham4645\game1.1\game1.1\game1.1\debug\chunkgenerator.obj
c:\users\ian\source\repos\lolingham4645\game1.1\game1.1\game1.1\debug\chunk.obj
c:\users\ian\source\repos\lolingham4645\game1.1\game1.1\game1.1\debug\camera.obj
c:\users\ian\source\repos\lolingham4645\game1.1\game1.1\game1.1\debug\button.obj
c:\users\ian\source\repos\lolingham4645\game1.1\game1.1\game1.1\debug\building.obj
c:\users\ian\source\repos\lolingham4645\game1.1\game1.1\game1.1\debug\window.obj
c:\users\ian\source\repos\lolingham4645\game1.1\game1.1\game1.1\debug\unit.obj
c:\users\ian\source\repos\lolingham4645\game1.1\game1.1\game1.1\debug\uihandler.obj
c:\users\ian\source\repos\lolingham4645\game1.1\game1.1\game1.1\debug\uielement.obj
c:\users\ian\source\repos\lolingham4645\game1.1\game1.1\game1.1\debug\time.obj
c:\users\ian\source\repos\lolingham4645\game1.1\game1.1\game1.1\debug\tile.obj
c:\users\ian\source\repos\lolingham4645\game1.1\game1.1\game1.1\debug\textureatlascreator.obj
c:\users\ian\source\repos\lolingham4645\game1.1\game1.1\game1.1\debug\textureatlas.obj
c:\users\ian\source\repos\lolingham4645\game1.1\game1.1\game1.1\debug\textelement.obj
c:\users\ian\source\repos\lolingham4645\game1.1\game1.1\game1.1\debug\text.obj
c:\users\ian\source\repos\lolingham4645\game1.1\game1.1\game1.1\debug\testuiscene.obj
c:\users\ian\source\repos\lolingham4645\game1.1\game1.1\game1.1\debug\testtext.obj
c:\users\ian\source\repos\lolingham4645\game1.1\game1.1\game1.1\debug\testrenderer.obj
c:\users\ian\source\repos\lolingham4645\game1.1\game1.1\game1.1\debug\glad.obj
c:\users\ian\source\repos\lolingham4645\game1.1\game1.1\game1.1\debug\tilebackgroundhandler.obj
c:\users\ian\source\repos\game1.1\game1.1\game1.1\debug\vc141.pdb
c:\users\ian\source\repos\game1.1\game1.1\game1.1\debug\vc141.idb
c:\users\ian\source\repos\game1.1\game1.1\game1.1\debug\testbutton.obj
c:\users\ian\source\repos\game1.1\game1.1\game1.1\debug\soldier.obj
c:\users\ian\source\repos\game1.1\game1.1\game1.1\debug\shape.obj
c:\users\ian\source\repos\game1.1\game1.1\game1.1\debug\shader.obj
c:\users\ian\source\repos\game1.1\game1.1\game1.1\debug\scenehandler.obj
c:\users\ian\source\repos\game1.1\game1.1\game1.1\debug\scene.obj
c:\users\ian\source\repos\game1.1\game1.1\game1.1\debug\mainscene.obj
c:\users\ian\source\repos\game1.1\game1.1\game1.1\debug\main.obj
c:\users\ian\source\repos\game1.1\game1.1\game1.1\debug\input.obj
c:\users\ian\source\repos\game1.1\game1.1\game1.1\debug\imagetester.obj
c:\users\ian\source\repos\game1.1\game1.1\game1.1\debug\game.obj
c:\users\ian\source\repos\game1.1\game1.1\game1.1\debug\debugger.obj
c:\users\ian\source\repos\game1.1\game1.1\game1.1\debug\chunkrenderer.obj
c:\users\ian\source\repos\game1.1\game1.1\game1.1\debug\chunkrenderhandler.obj
c:\users\ian\source\repos\game1.1\game1.1\game1.1\debug\chunkhandler.obj
c:\users\ian\source\repos\game1.1\game1.1\game1.1\debug\chunkgenerator.obj
c:\users\ian\source\repos\game1.1\game1.1\game1.1\debug\chunk.obj
c:\users\ian\source\repos\game1.1\game1.1\game1.1\debug\camera.obj
c:\users\ian\source\repos\game1.1\game1.1\game1.1\debug\button.obj
c:\users\ian\source\repos\game1.1\game1.1\game1.1\debug\building.obj
c:\users\ian\source\repos\game1.1\game1.1\game1.1\debug\window.obj
c:\users\ian\source\repos\game1.1\game1.1\game1.1\debug\unit.obj
c:\users\ian\source\repos\game1.1\game1.1\game1.1\debug\uihandler.obj
c:\users\ian\source\repos\game1.1\game1.1\game1.1\debug\uielement.obj
c:\users\ian\source\repos\game1.1\game1.1\game1.1\debug\time.obj
c:\users\ian\source\repos\game1.1\game1.1\game1.1\debug\tile.obj
c:\users\ian\source\repos\game1.1\game1.1\game1.1\debug\textureatlascreator.obj
c:\users\ian\source\repos\game1.1\game1.1\game1.1\debug\textureatlas.obj
c:\users\ian\source\repos\game1.1\game1.1\game1.1\debug\textelement.obj
c:\users\ian\source\repos\game1.1\game1.1\game1.1\debug\text.obj
c:\users\ian\source\repos\game1.1\game1.1\game1.1\debug\testuiscene.obj
c:\users\ian\source\repos\game1.1\game1.1\game1.1\debug\testtext.obj
c:\users\ian\source\repos\game1.1\game1.1\game1.1\debug\testrenderer.obj
c:\users\ian\source\repos\game1.1\game1.1\game1.1\debug\glad.obj
c:\users\ian\source\repos\lolingham4645\game1.1\game1.1\debug\game1.1.exe
c:\users\ian\source\repos\lolingham4645\game1.1\game1.1\debug\game1.1.ilk
c:\users\ian\source\repos\lolingham4645\game1.1\game1.1\debug\game1.1.pdb
c:\users\ian\source\repos\game1.1\game1.1\game1.1\debug\image.obj
c:\users\ian\source\repos\game1.1\game1.1\debug\game1.1.pdb
c:\users\ian\source\repos\game1.1\game1.1\game1.1\debug\game1.1.tlog\cl.command.1.tlog
c:\users\ian\source\repos\game1.1\game1.1\game1.1\debug\game1.1.tlog\cl.read.1.tlog
c:\users\ian\source\repos\game1.1\game1.1\game1.1\debug\game1.1.tlog\cl.write.1.tlog
c:\users\ian\source\repos\game1.1\game1.1\game1.1\debug\game1.1.tlog\link-cvtres.read.1.tlog
c:\users\ian\source\repos\game1.1\game1.1\game1.1\debug\game1.1.tlog\link-cvtres.write.1.tlog
c:\users\ian\source\repos\game1.1\game1.1\game1.1\debug\game1.1.tlog\link-rc.read.1.tlog
c:\users\ian\source\repos\game1.1\game1.1\game1.1\debug\game1.1.tlog\link-rc.write.1.tlog
c:\users\ian\source\repos\game1.1\game1.1\game1.1\debug\game1.1.tlog\link.command.1.tlog
c:\users\ian\source\repos\game1.1\game1.1\game1.1\debug\game1.1.tlog\link.read.1.tlog
c:\users\ian\source\repos\game1.1\game1.1\game1.1\debug\game1.1.tlog\link.write.1.tlog
